0 info it worked if it ends with ok
1 verbose cli [ '/usr/bin/node', '/usr/bin/npm', 'start' ]
2 info using npm@3.8.3
3 info using node@v5.10.1
4 verbose run-script [ 'prestart', 'start', 'poststart' ]
5 info lifecycle TechTests@0.1.0~prestart: TechTests@0.1.0
6 silly lifecycle TechTests@0.1.0~prestart: no script for prestart, continuing
7 info lifecycle TechTests@0.1.0~start: TechTests@0.1.0
8 verbose lifecycle TechTests@0.1.0~start: unsafe-perm in lifecycle true
9 verbose lifecycle TechTests@0.1.0~start: PATH: /usr/lib64/node_modules/npm/bin/node-gyp-bin:/home/pallav/proj/TechTests/Server/node_modules/.bin:/usr/bin:/home/pallav/bin:/usr/local/bin:/usr/local/sbin:/usr/bin:/bin:/opt/bin:/usr/x86_64-pc-linux-gnu/gcc-bin/4.9.3:/usr/games/bin:/home/pallav/.GO/bin
10 verbose lifecycle TechTests@0.1.0~start: CWD: /home/pallav/proj/TechTests/Server
11 silly lifecycle TechTests@0.1.0~start: Args: [ '-c', 'node app.js' ]
12 silly lifecycle TechTests@0.1.0~start: Returned: code: 1  signal: null
13 info lifecycle TechTests@0.1.0~start: Failed to exec start script
14 verbose stack Error: TechTests@0.1.0 start: `node app.js`
14 verbose stack Exit status 1
14 verbose stack     at EventEmitter.<anonymous> (/usr/lib64/node_modules/npm/lib/utils/lifecycle.js:239:16)
14 verbose stack     at emitTwo (events.js:100:13)
14 verbose stack     at EventEmitter.emit (events.js:185:7)
14 verbose stack     at ChildProcess.<anonymous> (/usr/lib64/node_modules/npm/lib/utils/spawn.js:24:14)
14 verbose stack     at emitTwo (events.js:100:13)
14 verbose stack     at ChildProcess.emit (events.js:185:7)
14 verbose stack     at maybeClose (internal/child_process.js:850:16)
14 verbose stack     at Process.ChildProcess._handle.onexit (internal/child_process.js:215:5)
15 verbose pkgid TechTests@0.1.0
16 verbose cwd /home/pallav/proj/TechTests/Server
17 error Linux 4.1.15-gentoo-r1
18 error argv "/usr/bin/node" "/usr/bin/npm" "start"
19 error node v5.10.1
20 error npm  v3.8.3
21 error code ELIFECYCLE
22 error TechTests@0.1.0 start: `node app.js`
22 error Exit status 1
23 error Failed at the TechTests@0.1.0 start script 'node app.js'.
23 error Make sure you have the latest version of node.js and npm installed.
23 error If you do, this is most likely a problem with the TechTests package,
23 error not with npm itself.
23 error Tell the author that this fails on your system:
23 error     node app.js
23 error You can get information on how to open an issue for this project with:
23 error     npm bugs TechTests
23 error Or if that isn't available, you can get their info via:
23 error     npm owner ls TechTests
23 error There is likely additional logging output above.
24 verbose exit [ 1, true ]
